{"/Users/seb/Work/Github/wire-app/wire-app/src/wire-app.js": {"path":"/Users/seb/Work/Github/wire-app/wire-app/src/wire-app.js","statementMap":{"0":{"start":{"line":3,"column":21},"end":{"line":3,"column":38}},"1":{"start":{"line":4,"column":13},"end":{"line":4,"column":28}},"2":{"start":{"line":6,"column":15},"end":{"line":6,"column":32}},"3":{"start":{"line":7,"column":15},"end":{"line":7,"column":32}},"4":{"start":{"line":8,"column":15},"end":{"line":8,"column":33}},"5":{"start":{"line":9,"column":18},"end":{"line":9,"column":38}},"6":{"start":{"line":12,"column":2},"end":{"line":12,"column":61}},"7":{"start":{"line":16,"column":23},"end":{"line":16,"column":42}},"8":{"start":{"line":18,"column":23},"end":{"line":18,"column":48}},"9":{"start":{"line":19,"column":30},"end":{"line":19,"column":82}},"10":{"start":{"line":19,"column":56},"end":{"line":19,"column":81}},"11":{"start":{"line":20,"column":2},"end":{"line":26,"column":3}},"12":{"start":{"line":21,"column":4},"end":{"line":21,"column":91}},"13":{"start":{"line":22,"column":9},"end":{"line":26,"column":3}},"14":{"start":{"line":23,"column":4},"end":{"line":23,"column":100}},"15":{"start":{"line":25,"column":4},"end":{"line":25,"column":51}},"16":{"start":{"line":30,"column":23},"end":{"line":30,"column":51}},"17":{"start":{"line":31,"column":2},"end":{"line":33,"column":3}},"18":{"start":{"line":32,"column":4},"end":{"line":32,"column":71}},"19":{"start":{"line":34,"column":2},"end":{"line":39,"column":3}},"20":{"start":{"line":35,"column":4},"end":{"line":37,"column":5}},"21":{"start":{"line":36,"column":6},"end":{"line":36,"column":46}},"22":{"start":{"line":38,"column":4},"end":{"line":38,"column":35}},"23":{"start":{"line":43,"column":25},"end":{"line":43,"column":52}},"24":{"start":{"line":44,"column":2},"end":{"line":46,"column":3}},"25":{"start":{"line":45,"column":4},"end":{"line":45,"column":48}},"26":{"start":{"line":51,"column":4},"end":{"line":51,"column":12}},"27":{"start":{"line":52,"column":4},"end":{"line":52,"column":19}},"28":{"start":{"line":53,"column":4},"end":{"line":53,"column":21}},"29":{"start":{"line":54,"column":4},"end":{"line":54,"column":25}},"30":{"start":{"line":55,"column":4},"end":{"line":62,"column":7}},"31":{"start":{"line":56,"column":6},"end":{"line":61,"column":7}},"32":{"start":{"line":57,"column":8},"end":{"line":57,"column":36}},"33":{"start":{"line":58,"column":8},"end":{"line":58,"column":33}},"34":{"start":{"line":60,"column":8},"end":{"line":60,"column":32}},"35":{"start":{"line":66,"column":4},"end":{"line":74,"column":7}},"36":{"start":{"line":67,"column":6},"end":{"line":69,"column":7}},"37":{"start":{"line":68,"column":8},"end":{"line":68,"column":81}},"38":{"start":{"line":70,"column":28},"end":{"line":70,"column":56}},"39":{"start":{"line":71,"column":27},"end":{"line":71,"column":47}},"40":{"start":{"line":72,"column":31},"end":{"line":72,"column":92}},"41":{"start":{"line":73,"column":6},"end":{"line":73,"column":88}},"42":{"start":{"line":75,"column":4},"end":{"line":75,"column":16}},"43":{"start":{"line":79,"column":4},"end":{"line":86,"column":7}},"44":{"start":{"line":80,"column":27},"end":{"line":80,"column":95}},"45":{"start":{"line":81,"column":20},"end":{"line":81,"column":45}},"46":{"start":{"line":82,"column":6},"end":{"line":85,"column":7}},"47":{"start":{"line":83,"column":29},"end":{"line":83,"column":42}},"48":{"start":{"line":84,"column":8},"end":{"line":84,"column":36}},"49":{"start":{"line":87,"column":4},"end":{"line":87,"column":16}},"50":{"start":{"line":91,"column":4},"end":{"line":91,"column":37}},"51":{"start":{"line":92,"column":4},"end":{"line":92,"column":16}},"52":{"start":{"line":96,"column":25},"end":{"line":96,"column":45}},"53":{"start":{"line":97,"column":4},"end":{"line":97,"column":57}},"54":{"start":{"line":102,"column":14},"end":{"line":102,"column":36}},"55":{"start":{"line":103,"column":2},"end":{"line":103,"column":32}},"56":{"start":{"line":106,"column":0},"end":{"line":106,"column":25}}},"fnMap":{"0":{"name":"isConstructor","decl":{"start":{"line":11,"column":9},"end":{"line":11,"column":22}},"loc":{"start":{"line":11,"column":28},"end":{"line":13,"column":1}},"line":11},"1":{"name":"instantiate","decl":{"start":{"line":15,"column":9},"end":{"line":15,"column":20}},"loc":{"start":{"line":15,"column":31},"end":{"line":27,"column":1}},"line":15},"2":{"name":"(anonymous_2)","decl":{"start":{"line":19,"column":47},"end":{"line":19,"column":48}},"loc":{"start":{"line":19,"column":56},"end":{"line":19,"column":81}},"line":19},"3":{"name":"ensureComponentInstance","decl":{"start":{"line":29,"column":9},"end":{"line":29,"column":32}},"loc":{"start":{"line":29,"column":52},"end":{"line":40,"column":1}},"line":29},"4":{"name":"instantiateComponents","decl":{"start":{"line":42,"column":9},"end":{"line":42,"column":30}},"loc":{"start":{"line":42,"column":36},"end":{"line":47,"column":1}},"line":42},"5":{"name":"(anonymous_5)","decl":{"start":{"line":50,"column":2},"end":{"line":50,"column":3}},"loc":{"start":{"line":50,"column":27},"end":{"line":63,"column":3}},"line":50},"6":{"name":"(anonymous_6)","decl":{"start":{"line":55,"column":17},"end":{"line":55,"column":18}},"loc":{"start":{"line":55,"column":23},"end":{"line":62,"column":5}},"line":55},"7":{"name":"(anonymous_7)","decl":{"start":{"line":65,"column":2},"end":{"line":65,"column":3}},"loc":{"start":{"line":65,"column":25},"end":{"line":76,"column":3}},"line":65},"8":{"name":"(anonymous_8)","decl":{"start":{"line":66,"column":21},"end":{"line":66,"column":22}},"loc":{"start":{"line":66,"column":27},"end":{"line":74,"column":5}},"line":66},"9":{"name":"(anonymous_9)","decl":{"start":{"line":78,"column":2},"end":{"line":78,"column":3}},"loc":{"start":{"line":78,"column":17},"end":{"line":88,"column":3}},"line":78},"10":{"name":"(anonymous_10)","decl":{"start":{"line":79,"column":21},"end":{"line":79,"column":22}},"loc":{"start":{"line":79,"column":27},"end":{"line":86,"column":5}},"line":79},"11":{"name":"(anonymous_11)","decl":{"start":{"line":90,"column":2},"end":{"line":90,"column":3}},"loc":{"start":{"line":90,"column":18},"end":{"line":93,"column":3}},"line":90},"12":{"name":"(anonymous_12)","decl":{"start":{"line":95,"column":2},"end":{"line":95,"column":3}},"loc":{"start":{"line":95,"column":11},"end":{"line":98,"column":3}},"line":95},"13":{"name":"wireApp","decl":{"start":{"line":101,"column":9},"end":{"line":101,"column":16}},"loc":{"start":{"line":101,"column":23},"end":{"line":104,"column":1}},"line":101}},"branchMap":{"0":{"loc":{"start":{"line":12,"column":9},"end":{"line":12,"column":60}},"type":"binary-expr","locations":[{"start":{"line":12,"column":9},"end":{"line":12,"column":24}},{"start":{"line":12,"column":28},"end":{"line":12,"column":60}}],"line":12},"1":{"loc":{"start":{"line":20,"column":2},"end":{"line":26,"column":3}},"type":"if","locations":[{"start":{"line":20,"column":2},"end":{"line":26,"column":3}},{"start":{"line":20,"column":2},"end":{"line":26,"column":3}}],"line":20},"2":{"loc":{"start":{"line":22,"column":9},"end":{"line":26,"column":3}},"type":"if","locations":[{"start":{"line":22,"column":9},"end":{"line":26,"column":3}},{"start":{"line":22,"column":9},"end":{"line":26,"column":3}}],"line":22},"3":{"loc":{"start":{"line":31,"column":2},"end":{"line":33,"column":3}},"type":"if","locations":[{"start":{"line":31,"column":2},"end":{"line":33,"column":3}},{"start":{"line":31,"column":2},"end":{"line":33,"column":3}}],"line":31},"4":{"loc":{"start":{"line":34,"column":2},"end":{"line":39,"column":3}},"type":"if","locations":[{"start":{"line":34,"column":2},"end":{"line":39,"column":3}},{"start":{"line":34,"column":2},"end":{"line":39,"column":3}}],"line":34},"5":{"loc":{"start":{"line":67,"column":6},"end":{"line":69,"column":7}},"type":"if","locations":[{"start":{"line":67,"column":6},"end":{"line":69,"column":7}},{"start":{"line":67,"column":6},"end":{"line":69,"column":7}}],"line":67},"6":{"loc":{"start":{"line":72,"column":31},"end":{"line":72,"column":92}},"type":"cond-expr","locations":[{"start":{"line":72,"column":61},"end":{"line":72,"column":74}},{"start":{"line":72,"column":77},"end":{"line":72,"column":92}}],"line":72},"7":{"loc":{"start":{"line":80,"column":27},"end":{"line":80,"column":95}},"type":"cond-expr","locations":[{"start":{"line":80,"column":55},"end":{"line":80,"column":63}},{"start":{"line":80,"column":66},"end":{"line":80,"column":95}}],"line":80},"8":{"loc":{"start":{"line":97,"column":11},"end":{"line":97,"column":56}},"type":"cond-expr","locations":[{"start":{"line":97,"column":26},"end":{"line":97,"column":44}},{"start":{"line":97,"column":47},"end":{"line":97,"column":56}}],"line":97}},"s":{"0":1,"1":1,"2":1,"3":1,"4":1,"5":1,"6":14,"7":13,"8":13,"9":13,"10":10,"11":13,"12":13,"13":0,"14":0,"15":0,"16":27,"17":27,"18":1,"19":26,"20":14,"21":11,"22":13,"23":9,"24":9,"25":16,"26":9,"27":9,"28":9,"29":9,"30":9,"31":9,"32":9,"33":8,"34":1,"35":15,"36":15,"37":1,"38":14,"39":14,"40":14,"41":14,"42":15,"43":7,"44":7,"45":7,"46":7,"47":10,"48":10,"49":7,"50":2,"51":2,"52":6,"53":6,"54":9,"55":9,"56":1},"f":{"0":14,"1":13,"2":10,"3":27,"4":9,"5":9,"6":9,"7":15,"8":15,"9":7,"10":7,"11":2,"12":6,"13":9},"b":{"0":[14,14],"1":[13,0],"2":[0,0],"3":[1,26],"4":[14,12],"5":[1,14],"6":[14,0],"7":[1,6],"8":[5,1]},"_coverageSchema":"43e27e138ebf9cfc5966b082cf9a028302ed4184","hash":"593266f6f2ffa74594f7194692e2abce9692bf2b"}
,"/Users/seb/Work/Github/wire-app/wire-app/test/__testApp__/model/account/account.js": {"path":"/Users/seb/Work/Github/wire-app/wire-app/test/__testApp__/model/account/account.js","statementMap":{"0":{"start":{"line":5,"column":2},"end":{"line":9,"column":4}},"1":{"start":{"line":7,"column":6},"end":{"line":7,"column":22}},"2":{"start":{"line":13,"column":0},"end":{"line":13,"column":25}}},"fnMap":{"0":{"name":"account","decl":{"start":{"line":3,"column":9},"end":{"line":3,"column":16}},"loc":{"start":{"line":3,"column":19},"end":{"line":11,"column":1}},"line":3},"1":{"name":"(anonymous_1)","decl":{"start":{"line":6,"column":4},"end":{"line":6,"column":5}},"loc":{"start":{"line":6,"column":17},"end":{"line":8,"column":5}},"line":6}},"branchMap":{},"s":{"0":2,"1":4,"2":1},"f":{"0":2,"1":4},"b":{},"_coverageSchema":"43e27e138ebf9cfc5966b082cf9a028302ed4184","hash":"f6a52e7f167ad0b564c9b521cfffd461780942dd"}
,"/Users/seb/Work/Github/wire-app/wire-app/test/__testApp__/model/customer/customer.js": {"path":"/Users/seb/Work/Github/wire-app/wire-app/test/__testApp__/model/customer/customer.js","statementMap":{"0":{"start":{"line":5,"column":2},"end":{"line":9,"column":4}},"1":{"start":{"line":7,"column":6},"end":{"line":7,"column":22}},"2":{"start":{"line":13,"column":0},"end":{"line":13,"column":26}}},"fnMap":{"0":{"name":"customer","decl":{"start":{"line":3,"column":9},"end":{"line":3,"column":17}},"loc":{"start":{"line":3,"column":20},"end":{"line":11,"column":1}},"line":3},"1":{"name":"(anonymous_1)","decl":{"start":{"line":6,"column":4},"end":{"line":6,"column":5}},"loc":{"start":{"line":6,"column":17},"end":{"line":8,"column":5}},"line":6}},"branchMap":{},"s":{"0":2,"1":4,"2":1},"f":{"0":2,"1":4},"b":{},"_coverageSchema":"43e27e138ebf9cfc5966b082cf9a028302ed4184","hash":"97ba7660ac25eeb9c8755f9e19942ba32dcc31d9"}
,"/Users/seb/Work/Github/wire-app/wire-app/test/__testApp__/repository/accountRepository.js": {"path":"/Users/seb/Work/Github/wire-app/wire-app/test/__testApp__/repository/accountRepository.js","statementMap":{"0":{"start":{"line":5,"column":2},"end":{"line":9,"column":3}},"1":{"start":{"line":7,"column":6},"end":{"line":7,"column":96}},"2":{"start":{"line":13,"column":0},"end":{"line":13,"column":35}}},"fnMap":{"0":{"name":"accountRepository","decl":{"start":{"line":3,"column":9},"end":{"line":3,"column":26}},"loc":{"start":{"line":3,"column":36},"end":{"line":11,"column":1}},"line":3},"1":{"name":"(anonymous_1)","decl":{"start":{"line":6,"column":4},"end":{"line":6,"column":5}},"loc":{"start":{"line":6,"column":15},"end":{"line":8,"column":5}},"line":6}},"branchMap":{},"s":{"0":2,"1":2,"2":1},"f":{"0":2,"1":2},"b":{},"_coverageSchema":"43e27e138ebf9cfc5966b082cf9a028302ed4184","hash":"c7169689a43b7c13e5c6ed6577581db5748c36e6"}
,"/Users/seb/Work/Github/wire-app/wire-app/test/__testApp__/repository/customerRepository.js": {"path":"/Users/seb/Work/Github/wire-app/wire-app/test/__testApp__/repository/customerRepository.js","statementMap":{"0":{"start":{"line":5,"column":2},"end":{"line":9,"column":3}},"1":{"start":{"line":7,"column":6},"end":{"line":7,"column":100}},"2":{"start":{"line":13,"column":0},"end":{"line":13,"column":36}}},"fnMap":{"0":{"name":"customerRepository","decl":{"start":{"line":3,"column":9},"end":{"line":3,"column":27}},"loc":{"start":{"line":3,"column":38},"end":{"line":11,"column":1}},"line":3},"1":{"name":"(anonymous_1)","decl":{"start":{"line":6,"column":4},"end":{"line":6,"column":5}},"loc":{"start":{"line":6,"column":15},"end":{"line":8,"column":5}},"line":6}},"branchMap":{},"s":{"0":2,"1":2,"2":1},"f":{"0":2,"1":2},"b":{},"_coverageSchema":"43e27e138ebf9cfc5966b082cf9a028302ed4184","hash":"6926750bd3a4388c37cc87d66fa9c4a3a3c61ae5"}
,"/Users/seb/Work/Github/wire-app/wire-app/test/__testApp__/service/orderService.js": {"path":"/Users/seb/Work/Github/wire-app/wire-app/test/__testApp__/service/orderService.js","statementMap":{"0":{"start":{"line":5,"column":2},"end":{"line":12,"column":3}},"1":{"start":{"line":7,"column":6},"end":{"line":7,"column":43}},"2":{"start":{"line":10,"column":6},"end":{"line":10,"column":42}},"3":{"start":{"line":16,"column":0},"end":{"line":16,"column":30}}},"fnMap":{"0":{"name":"orderService","decl":{"start":{"line":3,"column":9},"end":{"line":3,"column":21}},"loc":{"start":{"line":3,"column":61},"end":{"line":14,"column":1}},"line":3},"1":{"name":"(anonymous_1)","decl":{"start":{"line":6,"column":4},"end":{"line":6,"column":5}},"loc":{"start":{"line":6,"column":23},"end":{"line":8,"column":5}},"line":6},"2":{"name":"(anonymous_2)","decl":{"start":{"line":9,"column":4},"end":{"line":9,"column":5}},"loc":{"start":{"line":9,"column":22},"end":{"line":11,"column":5}},"line":9}},"branchMap":{},"s":{"0":2,"1":2,"2":2,"3":1},"f":{"0":2,"1":2,"2":2},"b":{},"_coverageSchema":"43e27e138ebf9cfc5966b082cf9a028302ed4184","hash":"44364bcee1def5a395144d9df5b73189e14e650e"}
}
