TN:
SF:/Users/seb/Work/Github/wire-app/wire-app/src/wire-app.js
FN:11,isConstructor
FN:15,instantiate
FN:19,(anonymous_2)
FN:29,ensureComponentInstance
FN:42,instantiateComponents
FN:50,(anonymous_5)
FN:55,(anonymous_6)
FN:65,(anonymous_7)
FN:66,(anonymous_8)
FN:78,(anonymous_9)
FN:79,(anonymous_10)
FN:90,(anonymous_11)
FN:95,(anonymous_12)
FN:101,wireApp
FNF:14
FNH:14
FNDA:14,isConstructor
FNDA:13,instantiate
FNDA:10,(anonymous_2)
FNDA:27,ensureComponentInstance
FNDA:9,instantiateComponents
FNDA:9,(anonymous_5)
FNDA:9,(anonymous_6)
FNDA:15,(anonymous_7)
FNDA:15,(anonymous_8)
FNDA:7,(anonymous_9)
FNDA:7,(anonymous_10)
FNDA:2,(anonymous_11)
FNDA:6,(anonymous_12)
FNDA:9,wireApp
DA:3,1
DA:4,1
DA:6,1
DA:7,1
DA:8,1
DA:9,1
DA:12,14
DA:16,13
DA:18,13
DA:19,13
DA:20,13
DA:21,13
DA:22,0
DA:23,0
DA:25,0
DA:30,27
DA:31,27
DA:32,1
DA:34,26
DA:35,14
DA:36,11
DA:38,13
DA:43,9
DA:44,9
DA:45,16
DA:51,9
DA:52,9
DA:53,9
DA:54,9
DA:55,9
DA:56,9
DA:57,9
DA:58,8
DA:60,1
DA:66,15
DA:67,15
DA:68,1
DA:70,14
DA:71,14
DA:72,14
DA:73,14
DA:75,15
DA:79,7
DA:80,7
DA:81,7
DA:82,7
DA:83,10
DA:84,10
DA:87,7
DA:91,2
DA:92,2
DA:96,6
DA:97,6
DA:102,9
DA:103,9
DA:106,1
LF:56
LH:53
BRDA:12,0,0,14
BRDA:12,0,1,14
BRDA:20,1,0,13
BRDA:20,1,1,0
BRDA:22,2,0,0
BRDA:22,2,1,0
BRDA:31,3,0,1
BRDA:31,3,1,26
BRDA:34,4,0,14
BRDA:34,4,1,12
BRDA:67,5,0,1
BRDA:67,5,1,14
BRDA:72,6,0,14
BRDA:72,6,1,0
BRDA:80,7,0,1
BRDA:80,7,1,6
BRDA:97,8,0,5
BRDA:97,8,1,1
BRF:18
BRH:14
end_of_record
TN:
SF:/Users/seb/Work/Github/wire-app/wire-app/test/__testApp__/model/account/account.js
FN:3,account
FN:6,(anonymous_1)
FNF:2
FNH:2
FNDA:2,account
FNDA:4,(anonymous_1)
DA:5,2
DA:7,4
DA:13,1
LF:3
LH:3
BRF:0
BRH:0
end_of_record
TN:
SF:/Users/seb/Work/Github/wire-app/wire-app/test/__testApp__/model/customer/customer.js
FN:3,customer
FN:6,(anonymous_1)
FNF:2
FNH:2
FNDA:2,customer
FNDA:4,(anonymous_1)
DA:5,2
DA:7,4
DA:13,1
LF:3
LH:3
BRF:0
BRH:0
end_of_record
TN:
SF:/Users/seb/Work/Github/wire-app/wire-app/test/__testApp__/repository/accountRepository.js
FN:3,accountRepository
FN:6,(anonymous_1)
FNF:2
FNH:2
FNDA:2,accountRepository
FNDA:2,(anonymous_1)
DA:5,2
DA:7,2
DA:13,1
LF:3
LH:3
BRF:0
BRH:0
end_of_record
TN:
SF:/Users/seb/Work/Github/wire-app/wire-app/test/__testApp__/repository/customerRepository.js
FN:3,customerRepository
FN:6,(anonymous_1)
FNF:2
FNH:2
FNDA:2,customerRepository
FNDA:2,(anonymous_1)
DA:5,2
DA:7,2
DA:13,1
LF:3
LH:3
BRF:0
BRH:0
end_of_record
TN:
SF:/Users/seb/Work/Github/wire-app/wire-app/test/__testApp__/service/orderService.js
FN:3,orderService
FN:6,(anonymous_1)
FN:9,(anonymous_2)
FNF:3
FNH:3
FNDA:2,orderService
FNDA:2,(anonymous_1)
FNDA:2,(anonymous_2)
DA:5,2
DA:7,2
DA:10,2
DA:16,1
LF:4
LH:4
BRF:0
BRH:0
end_of_record
